This file contains any messages produced by compilers while
running configure, to aid debugging if configure makes a mistake.

It was created by Brightside configure 1.4.0, which was
generated by GNU Autoconf 2.59.  Invocation command line was

  $ ./configure --host=x86_64-linux-gnu --build=x86_64-linux-gnu --prefix=/usr --mandir=${prefix}/share/man --infodir=${prefix}/share/info --sysconfdir=/etc

## --------- ##
## Platform. ##
## --------- ##

hostname = lab
uname -m = x86_64
uname -r = 4.4.0-87-generic
uname -s = Linux
uname -v = #110-Ubuntu SMP Tue Jul 18 12:55:35 UTC 2017

/usr/bin/uname -p = unknown
/bin/uname -X     = unknown

/bin/arch              = unknown
/usr/bin/arch -k       = unknown
/usr/convex/getsysinfo = unknown
hostinfo               = unknown
/bin/machine           = unknown
/usr/bin/oslevel       = unknown
/bin/universe          = unknown

PATH: /usr/sbin
PATH: /usr/bin
PATH: /sbin
PATH: /bin
PATH: /usr/bin/X11


## ----------- ##
## Core tests. ##
## ----------- ##

configure:1380: checking for a BSD-compatible install
configure:1435: result: /usr/bin/install -c
configure:1446: checking whether build environment is sane
configure:1489: result: yes
configure:1522: checking for gawk
configure:1538: found /usr/bin/gawk
configure:1548: result: gawk
configure:1558: checking whether make sets $(MAKE)
configure:1578: result: yes
configure:1742: checking whether to enable maintainer-specific portions of Makefiles
configure:1751: result: no
configure:1798: checking whether NLS is requested
configure:1807: result: yes
configure:1845: checking for msgfmt
configure:1876: result: /usr/bin/msgfmt
configure:1885: checking for gmsgfmt
configure:1916: result: /usr/bin/msgfmt
configure:1955: checking for xgettext
configure:1986: result: /usr/bin/xgettext
configure:2026: checking for msgmerge
configure:2056: result: /usr/bin/msgmerge
configure:2119: checking for style of include used by make
configure:2147: result: GNU
configure:2180: checking for x86_64-linux-gnu-gcc
configure:2196: found /usr/bin/x86_64-linux-gnu-gcc
configure:2206: result: x86_64-linux-gnu-gcc
configure:2488: checking for C compiler version
configure:2491: x86_64-linux-gnu-gcc --version </dev/null >&5
x86_64-linux-gnu-gcc (Ubuntu 5.4.0-6ubuntu1~16.04.4) 5.4.0 20160609
Copyright (C) 2015 Free Software Foundation, Inc.
This is free software; see the source for copying conditions.  There is NO
warranty; not even for MERCHANTABILITY or FITNESS FOR A PARTICULAR PURPOSE.

configure:2494: $? = 0
configure:2496: x86_64-linux-gnu-gcc -v </dev/null >&5
Using built-in specs.
COLLECT_GCC=x86_64-linux-gnu-gcc
COLLECT_LTO_WRAPPER=/usr/lib/gcc/x86_64-linux-gnu/5/lto-wrapper
Target: x86_64-linux-gnu
Configured with: ../src/configure -v --with-pkgversion='Ubuntu 5.4.0-6ubuntu1~16.04.4' --with-bugurl=file:///usr/share/doc/gcc-5/README.Bugs --enable-languages=c,ada,c++,java,go,d,fortran,objc,obj-c++ --prefix=/usr --program-suffix=-5 --enable-shared --enable-linker-build-id --libexecdir=/usr/lib --without-included-gettext --enable-threads=posix --libdir=/usr/lib --enable-nls --with-sysroot=/ --enable-clocale=gnu --enable-libstdcxx-debug --enable-libstdcxx-time=yes --with-default-libstdcxx-abi=new --enable-gnu-unique-object --disable-vtable-verify --enable-libmpx --enable-plugin --with-system-zlib --disable-browser-plugin --enable-java-awt=gtk --enable-gtk-cairo --with-java-home=/usr/lib/jvm/java-1.5.0-gcj-5-amd64/jre --enable-java-home --with-jvm-root-dir=/usr/lib/jvm/java-1.5.0-gcj-5-amd64 --with-jvm-jar-dir=/usr/lib/jvm-exports/java-1.5.0-gcj-5-amd64 --with-arch-directory=amd64 --with-ecj-jar=/usr/share/java/eclipse-ecj.jar --enable-objc-gc --enable-multiarch --disable-werror --with-arch-32=i686 --with-abi=m64 --with-multilib-list=m32,m64,mx32 --enable-multilib --with-tune=generic --enable-checking=release --build=x86_64-linux-gnu --host=x86_64-linux-gnu --target=x86_64-linux-gnu
Thread model: posix
gcc version 5.4.0 20160609 (Ubuntu 5.4.0-6ubuntu1~16.04.4) 
configure:2499: $? = 0
configure:2501: x86_64-linux-gnu-gcc -V </dev/null >&5
x86_64-linux-gnu-gcc: error: unrecognized command line option '-V'
x86_64-linux-gnu-gcc: fatal error: no input files
compilation terminated.
configure:2504: $? = 1
configure:2527: checking for C compiler default output file name
configure:2530: x86_64-linux-gnu-gcc -Wall -g -O2   conftest.c  >&5
conftest.c:10:0: warning: "PACKAGE" redefined
 #define PACKAGE Brightside
 ^
conftest.c:8:0: note: this is the location of the previous definition
 #define PACKAGE "Brightside"
 ^
conftest.c:11:0: warning: "VERSION" redefined
 #define VERSION 1.4.0
 ^
conftest.c:9:0: note: this is the location of the previous definition
 #define VERSION "1.4.0"
 ^
configure:2533: $? = 0
configure:2579: result: a.out
configure:2584: checking whether the C compiler works
configure:2590: ./a.out
configure:2593: $? = 0
configure:2610: result: yes
configure:2617: checking whether we are cross compiling
configure:2619: result: no
configure:2622: checking for suffix of executables
configure:2624: x86_64-linux-gnu-gcc -o conftest -Wall -g -O2   conftest.c  >&5
conftest.c:10:0: warning: "PACKAGE" redefined
 #define PACKAGE Brightside
 ^
conftest.c:8:0: note: this is the location of the previous definition
 #define PACKAGE "Brightside"
 ^
conftest.c:11:0: warning: "VERSION" redefined
 #define VERSION 1.4.0
 ^
conftest.c:9:0: note: this is the location of the previous definition
 #define VERSION "1.4.0"
 ^
configure:2627: $? = 0
configure:2652: result: 
configure:2658: checking for suffix of object files
configure:2679: x86_64-linux-gnu-gcc -c -Wall -g -O2  conftest.c >&5
conftest.c:10:0: warning: "PACKAGE" redefined
 #define PACKAGE Brightside
 ^
conftest.c:8:0: note: this is the location of the previous definition
 #define PACKAGE "Brightside"
 ^
conftest.c:11:0: warning: "VERSION" redefined
 #define VERSION 1.4.0
 ^
conftest.c:9:0: note: this is the location of the previous definition
 #define VERSION "1.4.0"
 ^
configure:2682: $? = 0
configure:2704: result: o
configure:2708: checking whether we are using the GNU C compiler
configure:2732: x86_64-linux-gnu-gcc -c -Wall -g -O2  conftest.c >&5
conftest.c:10:0: warning: "PACKAGE" redefined
 #define PACKAGE Brightside
 ^
conftest.c:8:0: note: this is the location of the previous definition
 #define PACKAGE "Brightside"
 ^
conftest.c:11:0: warning: "VERSION" redefined
 #define VERSION 1.4.0
 ^
conftest.c:9:0: note: this is the location of the previous definition
 #define VERSION "1.4.0"
 ^
configure:2738: $? = 0
configure:2742: test -z 
			 || test ! -s conftest.err
configure:2745: $? = 0
configure:2748: test -s conftest.o
configure:2751: $? = 0
configure:2764: result: yes
configure:2770: checking whether x86_64-linux-gnu-gcc accepts -g
configure:2791: x86_64-linux-gnu-gcc -c -g  conftest.c >&5
conftest.c:10:0: warning: "PACKAGE" redefined
 #define PACKAGE Brightside
 ^
conftest.c:8:0: note: this is the location of the previous definition
 #define PACKAGE "Brightside"
 ^
conftest.c:11:0: warning: "VERSION" redefined
 #define VERSION 1.4.0
 ^
conftest.c:9:0: note: this is the location of the previous definition
 #define VERSION "1.4.0"
 ^
configure:2797: $? = 0
configure:2801: test -z 
			 || test ! -s conftest.err
configure:2804: $? = 0
configure:2807: test -s conftest.o
configure:2810: $? = 0
configure:2821: result: yes
configure:2838: checking for x86_64-linux-gnu-gcc option to accept ANSI C
configure:2908: x86_64-linux-gnu-gcc  -c -Wall -g -O2  conftest.c >&5
conftest.c:10:0: warning: "PACKAGE" redefined
 #define PACKAGE Brightside
 ^
conftest.c:8:0: note: this is the location of the previous definition
 #define PACKAGE "Brightside"
 ^
conftest.c:11:0: warning: "VERSION" redefined
 #define VERSION 1.4.0
 ^
conftest.c:9:0: note: this is the location of the previous definition
 #define VERSION "1.4.0"
 ^
configure:2914: $? = 0
configure:2918: test -z 
			 || test ! -s conftest.err
configure:2921: $? = 0
configure:2924: test -s conftest.o
configure:2927: $? = 0
configure:2945: result: none needed
configure:2963: x86_64-linux-gnu-gcc -c -Wall -g -O2  conftest.c >&5
conftest.c:2:3: error: unknown type name 'choke'
   choke me
   ^
conftest.c:2:3: error: expected '=', ',', ';', 'asm' or '__attribute__' at end of input
configure:2969: $? = 1
configure: failed program was:
| #ifndef __cplusplus
|   choke me
| #endif
configure:3104: checking dependency style of x86_64-linux-gnu-gcc
configure:3187: result: gcc3
configure:3210: checking build system type
configure:3228: result: x86_64-pc-linux-gnu
configure:3236: checking host system type
configure:3250: result: x86_64-pc-linux-gnu
configure:3282: checking for ld used by GCC
configure:3345: result: /usr/bin/ld
configure:3354: checking if the linker (/usr/bin/ld) is GNU ld
GNU ld (GNU Binutils for Ubuntu) 2.26.1
configure:3366: result: yes
configure:3372: checking for shared library run path origin
configure:3385: result: done
configure:3802: checking whether NLS is requested
configure:3811: result: yes
configure:3829: checking for GNU gettext in libc
configure:3853: x86_64-linux-gnu-gcc -o conftest -Wall -g -O2   conftest.c  >&5
conftest.c:10:0: warning: "PACKAGE" redefined
 #define PACKAGE Brightside
 ^
conftest.c:8:0: note: this is the location of the previous definition
 #define PACKAGE "Brightside"
 ^
conftest.c:11:0: warning: "VERSION" redefined
 #define VERSION 1.4.0
 ^
conftest.c:9:0: note: this is the location of the previous definition
 #define VERSION "1.4.0"
 ^
conftest.c: In function 'main':
conftest.c:21:8: warning: cast from pointer to integer of different size [-Wpointer-to-int-cast]
 return (int) gettext ("") + _nl_msg_cat_cntr + *_nl_domain_bindings
        ^
configure:3859: $? = 0
configure:3863: test -z 
			 || test ! -s conftest.err
configure:3866: $? = 0
configure:3869: test -s conftest
configure:3872: $? = 0
configure:3884: result: yes
configure:4583: checking whether to use NLS
configure:4585: result: yes
configure:4588: checking where the gettext function comes from
configure:4599: result: libc
configure:4664: checking for intltool >= 0.20
configure:4674: result: 0.27.2 found
configure:4729: checking for perl
configure:4747: found /usr/bin/perl
configure:4759: result: /usr/bin/perl
configure:4777: checking for XML::Parser
configure:4780: result: ok
configure:4810: checking for pkg-config
configure:4828: found /usr/bin/pkg-config
configure:4841: result: /usr/bin/pkg-config
configure:4858: checking for libgnomeui-2.0 libglade-2.0 libwnck-1.0 >= 2.2
configure:4862: result: yes
configure:4866: checking EXTRA_GNOME_CFLAGS
configure:4869: result: -D_REENTRANT -DORBIT2=1 -pthread -I/usr/include/libgnomeui-2.0 -I/usr/include/gnome-keyring-1 -I/usr/include/libbonoboui-2.0 -I/usr/include/libgnome-2.0 -I/usr/include/libbonobo-2.0 -I/usr/include/bonobo-activation-2.0 -I/usr/include/orbit-2.0 -I/usr/include/libgnomecanvas-2.0 -I/usr/include/gail-1.0 -I/usr/include/libart-2.0 -I/usr/include/gnome-vfs-2.0 -I/usr/lib/x86_64-linux-gnu/gnome-vfs-2.0/include -I/usr/include/gconf/2 -I/usr/include/dbus-1.0 -I/usr/lib/x86_64-linux-gnu/dbus-1.0/include -I/usr/include/libglade-2.0 -I/usr/include/libxml2 -I/usr/include/x86_64-linux-gnu/libwnck-1.0 -I/usr/include/startup-notification-1.0 -I/usr/include/gtk-2.0 -I/usr/lib/x86_64-linux-gnu/gtk-2.0/include -I/usr/include/gio-unix-2.0/ -I/usr/include/cairo -I/usr/include/pango-1.0 -I/usr/include/atk-1.0 -I/usr/include/cairo -I/usr/include/pixman-1 -I/usr/include/libpng12 -I/usr/include/gdk-pixbuf-2.0 -I/usr/include/libpng12 -I/usr/include/pango-1.0 -I/usr/include/harfbuzz -I/usr/include/pango-1.0 -I/usr/include/glib-2.0 -I/usr/lib/x86_64-linux-gnu/glib-2.0/include -I/usr/include/freetype2
configure:4872: checking EXTRA_GNOME_LIBS
configure:4875: result: -lgnomeui-2 -lSM -lICE -lbonoboui-2 -lgnome-2 -lpopt -lbonobo-2 -lbonobo-activation -lORBit-2 -lgnomecanvas-2 -lart_lgpl_2 -lgnomevfs-2 -lgconf-2 -lgthread-2.0 -pthread -lgmodule-2.0 -pthread -lglade-2.0 -lxml2 -lwnck-1 -lgtk-x11-2.0 -lgdk-x11-2.0 -lpangocairo-1.0 -latk-1.0 -lcairo -lgdk_pixbuf-2.0 -lgio-2.0 -lpangoft2-1.0 -lpango-1.0 -lgobject-2.0 -lglib-2.0 -lfontconfig -lfreetype
configure:4907: checking for gconftool-2
configure:4925: found /usr/bin/gconftool-2
configure:4937: result: /usr/bin/gconftool-2
configure:4959: result: Using config source xml:merged:/etc/gconf/gconf.xml.defaults for schema installation
configure:4974: result: Using $(sysconfdir)/gconf/schemas as install directory for schema files
configure:5045: x86_64-linux-gnu-gcc -c -Wall -g -O2  conftest.c >&5
conftest.c:10:0: warning: "PACKAGE" redefined
 #define PACKAGE Brightside
 ^
conftest.c:8:0: note: this is the location of the previous definition
 #define PACKAGE "Brightside"
 ^
conftest.c:11:0: warning: "VERSION" redefined
 #define VERSION 1.4.0
 ^
conftest.c:9:0: note: this is the location of the previous definition
 #define VERSION "1.4.0"
 ^
conftest.c: In function 'main':
conftest.c:28:6: warning: unused variable 'arg' [-Wunused-variable]
  int arg = SNDCTL_DSP_SETFRAGMENT;
      ^
configure:5051: $? = 0
configure:5055: test -z 
			 || test ! -s conftest.err
configure:5058: $? = 0
configure:5061: test -s conftest.o
configure:5064: $? = 0
configure:5075: checking for OSS audio support
configure:5077: result: yes
configure:5145: checking for alsa >= 0.9.0
configure:5149: result: yes
configure:5153: checking ALSA_CFLAGS
configure:5156: result: -I/usr/include/alsa
configure:5159: checking ALSA_LIBS
configure:5162: result: -lasound
configure:5223: x86_64-linux-gnu-gcc -c -Wall -g -O2  conftest.c >&5
conftest.c:10:0: warning: "PACKAGE" redefined
 #define PACKAGE Brightside
 ^
conftest.c:8:0: note: this is the location of the previous definition
 #define PACKAGE "Brightside"
 ^
conftest.c:11:0: warning: "VERSION" redefined
 #define VERSION 1.4.0
 ^
conftest.c:9:0: note: this is the location of the previous definition
 #define VERSION "1.4.0"
 ^
conftest.c: In function 'main':
conftest.c:25:6: warning: unused variable 'arg' [-Wunused-variable]
  int arg = 0;
      ^
configure:5229: $? = 0
configure:5233: test -z 
			 || test ! -s conftest.err
configure:5236: $? = 0
configure:5239: test -s conftest.o
configure:5242: $? = 0
configure:5253: checking for Brightness control support
configure:5255: result: yes
configure:5274: checking how to run the C preprocessor
configure:5309: x86_64-linux-gnu-gcc -E  conftest.c
conftest.c:10:0: warning: "PACKAGE" redefined
 #define PACKAGE Brightside
 ^
conftest.c:8:0: note: this is the location of the previous definition
 #define PACKAGE "Brightside"
 ^
conftest.c:11:0: warning: "VERSION" redefined
 #define VERSION 1.4.0
 ^
conftest.c:9:0: note: this is the location of the previous definition
 #define VERSION "1.4.0"
 ^
configure:5315: $? = 0
configure:5347: x86_64-linux-gnu-gcc -E  conftest.c
conftest.c:10:0: warning: "PACKAGE" redefined
 #define PACKAGE Brightside
 ^
conftest.c:8:0: note: this is the location of the previous definition
 #define PACKAGE "Brightside"
 ^
conftest.c:11:0: warning: "VERSION" redefined
 #define VERSION 1.4.0
 ^
conftest.c:9:0: note: this is the location of the previous definition
 #define VERSION "1.4.0"
 ^
conftest.c:17:28: fatal error: ac_nonexistent.h: No such file or directory
compilation terminated.
configure:5353: $? = 1
configure: failed program was:
| /* confdefs.h.  */
| 
| #define PACKAGE_NAME "Brightside"
| #define PACKAGE_TARNAME "brightside"
| #define PACKAGE_VERSION "1.4.0"
| #define PACKAGE_STRING "Brightside 1.4.0"
| #define PACKAGE_BUGREPORT "http://catmur.co.uk/brightside/"
| #define PACKAGE "Brightside"
| #define VERSION "1.4.0"
| #define PACKAGE Brightside
| #define VERSION 1.4.0
| #define GETTEXT_PACKAGE "Brightside"
| #define ENABLE_NLS 1
| #define HAVE_GETTEXT 1
| #define HAVE_DCGETTEXT 1
| /* end confdefs.h.  */
| #include <ac_nonexistent.h>
configure:5392: result: x86_64-linux-gnu-gcc -E
configure:5416: x86_64-linux-gnu-gcc -E  conftest.c
conftest.c:10:0: warning: "PACKAGE" redefined
 #define PACKAGE Brightside
 ^
conftest.c:8:0: note: this is the location of the previous definition
 #define PACKAGE "Brightside"
 ^
conftest.c:11:0: warning: "VERSION" redefined
 #define VERSION 1.4.0
 ^
conftest.c:9:0: note: this is the location of the previous definition
 #define VERSION "1.4.0"
 ^
configure:5422: $? = 0
configure:5454: x86_64-linux-gnu-gcc -E  conftest.c
conftest.c:10:0: warning: "PACKAGE" redefined
 #define PACKAGE Brightside
 ^
conftest.c:8:0: note: this is the location of the previous definition
 #define PACKAGE "Brightside"
 ^
conftest.c:11:0: warning: "VERSION" redefined
 #define VERSION 1.4.0
 ^
conftest.c:9:0: note: this is the location of the previous definition
 #define VERSION "1.4.0"
 ^
conftest.c:17:28: fatal error: ac_nonexistent.h: No such file or directory
compilation terminated.
configure:5460: $? = 1
configure: failed program was:
| /* confdefs.h.  */
| 
| #define PACKAGE_NAME "Brightside"
| #define PACKAGE_TARNAME "brightside"
| #define PACKAGE_VERSION "1.4.0"
| #define PACKAGE_STRING "Brightside 1.4.0"
| #define PACKAGE_BUGREPORT "http://catmur.co.uk/brightside/"
| #define PACKAGE "Brightside"
| #define VERSION "1.4.0"
| #define PACKAGE Brightside
| #define VERSION 1.4.0
| #define GETTEXT_PACKAGE "Brightside"
| #define ENABLE_NLS 1
| #define HAVE_GETTEXT 1
| #define HAVE_DCGETTEXT 1
| /* end confdefs.h.  */
| #include <ac_nonexistent.h>
configure:5504: checking for egrep
configure:5514: result: grep -E
configure:5519: checking for ANSI C header files
configure:5544: x86_64-linux-gnu-gcc -c -Wall -g -O2  conftest.c >&5
conftest.c:10:0: warning: "PACKAGE" redefined
 #define PACKAGE Brightside
 ^
conftest.c:8:0: note: this is the location of the previous definition
 #define PACKAGE "Brightside"
 ^
conftest.c:11:0: warning: "VERSION" redefined
 #define VERSION 1.4.0
 ^
conftest.c:9:0: note: this is the location of the previous definition
 #define VERSION "1.4.0"
 ^
configure:5550: $? = 0
configure:5554: test -z 
			 || test ! -s conftest.err
configure:5557: $? = 0
configure:5560: test -s conftest.o
configure:5563: $? = 0
conftest.c:10:0: warning: "PACKAGE" redefined
 #define PACKAGE Brightside
 ^
conftest.c:8:0: note: this is the location of the previous definition
 #define PACKAGE "Brightside"
 ^
conftest.c:11:0: warning: "VERSION" redefined
 #define VERSION 1.4.0
 ^
conftest.c:9:0: note: this is the location of the previous definition
 #define VERSION "1.4.0"
 ^
conftest.c:10:0: warning: "PACKAGE" redefined
 #define PACKAGE Brightside
 ^
conftest.c:8:0: note: this is the location of the previous definition
 #define PACKAGE "Brightside"
 ^
conftest.c:11:0: warning: "VERSION" redefined
 #define VERSION 1.4.0
 ^
conftest.c:9:0: note: this is the location of the previous definition
 #define VERSION "1.4.0"
 ^
configure:5652: x86_64-linux-gnu-gcc -o conftest -Wall -g -O2   conftest.c  >&5
conftest.c:10:0: warning: "PACKAGE" redefined
 #define PACKAGE Brightside
 ^
conftest.c:8:0: note: this is the location of the previous definition
 #define PACKAGE "Brightside"
 ^
conftest.c:11:0: warning: "VERSION" redefined
 #define VERSION 1.4.0
 ^
conftest.c:9:0: note: this is the location of the previous definition
 #define VERSION "1.4.0"
 ^
conftest.c: In function 'main':
conftest.c:34:7: warning: implicit declaration of function 'exit' [-Wimplicit-function-declaration]
       exit(2);
       ^
conftest.c:34:7: warning: incompatible implicit declaration of built-in function 'exit'
conftest.c:34:7: note: include '<stdlib.h>' or provide a declaration of 'exit'
conftest.c:35:3: warning: incompatible implicit declaration of built-in function 'exit'
   exit (0);
   ^
conftest.c:35:3: note: include '<stdlib.h>' or provide a declaration of 'exit'
configure:5655: $? = 0
configure:5657: ./conftest
configure:5660: $? = 0
configure:5675: result: yes
configure:5699: checking for sys/types.h
configure:5715: x86_64-linux-gnu-gcc -c -Wall -g -O2  conftest.c >&5
conftest.c:10:0: warning: "PACKAGE" redefined
 #define PACKAGE Brightside
 ^
conftest.c:8:0: note: this is the location of the previous definition
 #define PACKAGE "Brightside"
 ^
conftest.c:11:0: warning: "VERSION" redefined
 #define VERSION 1.4.0
 ^
conftest.c:9:0: note: this is the location of the previous definition
 #define VERSION "1.4.0"
 ^
configure:5721: $? = 0
configure:5725: test -z 
			 || test ! -s conftest.err
configure:5728: $? = 0
configure:5731: test -s conftest.o
configure:5734: $? = 0
configure:5745: result: yes
configure:5699: checking for sys/stat.h
configure:5715: x86_64-linux-gnu-gcc -c -Wall -g -O2  conftest.c >&5
conftest.c:10:0: warning: "PACKAGE" redefined
 #define PACKAGE Brightside
 ^
conftest.c:8:0: note: this is the location of the previous definition
 #define PACKAGE "Brightside"
 ^
conftest.c:11:0: warning: "VERSION" redefined
 #define VERSION 1.4.0
 ^
conftest.c:9:0: note: this is the location of the previous definition
 #define VERSION "1.4.0"
 ^
configure:5721: $? = 0
configure:5725: test -z 
			 || test ! -s conftest.err
configure:5728: $? = 0
configure:5731: test -s conftest.o
configure:5734: $? = 0
configure:5745: result: yes
configure:5699: checking for stdlib.h
configure:5715: x86_64-linux-gnu-gcc -c -Wall -g -O2  conftest.c >&5
conftest.c:10:0: warning: "PACKAGE" redefined
 #define PACKAGE Brightside
 ^
conftest.c:8:0: note: this is the location of the previous definition
 #define PACKAGE "Brightside"
 ^
conftest.c:11:0: warning: "VERSION" redefined
 #define VERSION 1.4.0
 ^
conftest.c:9:0: note: this is the location of the previous definition
 #define VERSION "1.4.0"
 ^
configure:5721: $? = 0
configure:5725: test -z 
			 || test ! -s conftest.err
configure:5728: $? = 0
configure:5731: test -s conftest.o
configure:5734: $? = 0
configure:5745: result: yes
configure:5699: checking for string.h
configure:5715: x86_64-linux-gnu-gcc -c -Wall -g -O2  conftest.c >&5
conftest.c:10:0: warning: "PACKAGE" redefined
 #define PACKAGE Brightside
 ^
conftest.c:8:0: note: this is the location of the previous definition
 #define PACKAGE "Brightside"
 ^
conftest.c:11:0: warning: "VERSION" redefined
 #define VERSION 1.4.0
 ^
conftest.c:9:0: note: this is the location of the previous definition
 #define VERSION "1.4.0"
 ^
configure:5721: $? = 0
configure:5725: test -z 
			 || test ! -s conftest.err
configure:5728: $? = 0
configure:5731: test -s conftest.o
configure:5734: $? = 0
configure:5745: result: yes
configure:5699: checking for memory.h
configure:5715: x86_64-linux-gnu-gcc -c -Wall -g -O2  conftest.c >&5
conftest.c:10:0: warning: "PACKAGE" redefined
 #define PACKAGE Brightside
 ^
conftest.c:8:0: note: this is the location of the previous definition
 #define PACKAGE "Brightside"
 ^
conftest.c:11:0: warning: "VERSION" redefined
 #define VERSION 1.4.0
 ^
conftest.c:9:0: note: this is the location of the previous definition
 #define VERSION "1.4.0"
 ^
configure:5721: $? = 0
configure:5725: test -z 
			 || test ! -s conftest.err
configure:5728: $? = 0
configure:5731: test -s conftest.o
configure:5734: $? = 0
configure:5745: result: yes
configure:5699: checking for strings.h
configure:5715: x86_64-linux-gnu-gcc -c -Wall -g -O2  conftest.c >&5
conftest.c:10:0: warning: "PACKAGE" redefined
 #define PACKAGE Brightside
 ^
conftest.c:8:0: note: this is the location of the previous definition
 #define PACKAGE "Brightside"
 ^
conftest.c:11:0: warning: "VERSION" redefined
 #define VERSION 1.4.0
 ^
conftest.c:9:0: note: this is the location of the previous definition
 #define VERSION "1.4.0"
 ^
configure:5721: $? = 0
configure:5725: test -z 
			 || test ! -s conftest.err
configure:5728: $? = 0
configure:5731: test -s conftest.o
configure:5734: $? = 0
configure:5745: result: yes
configure:5699: checking for inttypes.h
configure:5715: x86_64-linux-gnu-gcc -c -Wall -g -O2  conftest.c >&5
conftest.c:10:0: warning: "PACKAGE" redefined
 #define PACKAGE Brightside
 ^
conftest.c:8:0: note: this is the location of the previous definition
 #define PACKAGE "Brightside"
 ^
conftest.c:11:0: warning: "VERSION" redefined
 #define VERSION 1.4.0
 ^
conftest.c:9:0: note: this is the location of the previous definition
 #define VERSION "1.4.0"
 ^
configure:5721: $? = 0
configure:5725: test -z 
			 || test ! -s conftest.err
configure:5728: $? = 0
configure:5731: test -s conftest.o
configure:5734: $? = 0
configure:5745: result: yes
configure:5699: checking for stdint.h
configure:5715: x86_64-linux-gnu-gcc -c -Wall -g -O2  conftest.c >&5
conftest.c:10:0: warning: "PACKAGE" redefined
 #define PACKAGE Brightside
 ^
conftest.c:8:0: note: this is the location of the previous definition
 #define PACKAGE "Brightside"
 ^
conftest.c:11:0: warning: "VERSION" redefined
 #define VERSION 1.4.0
 ^
conftest.c:9:0: note: this is the location of the previous definition
 #define VERSION "1.4.0"
 ^
configure:5721: $? = 0
configure:5725: test -z 
			 || test ! -s conftest.err
configure:5728: $? = 0
configure:5731: test -s conftest.o
configure:5734: $? = 0
configure:5745: result: yes
configure:5699: checking for unistd.h
configure:5715: x86_64-linux-gnu-gcc -c -Wall -g -O2  conftest.c >&5
conftest.c:10:0: warning: "PACKAGE" redefined
 #define PACKAGE Brightside
 ^
conftest.c:8:0: note: this is the location of the previous definition
 #define PACKAGE "Brightside"
 ^
conftest.c:11:0: warning: "VERSION" redefined
 #define VERSION 1.4.0
 ^
conftest.c:9:0: note: this is the location of the previous definition
 #define VERSION "1.4.0"
 ^
configure:5721: $? = 0
configure:5725: test -z 
			 || test ! -s conftest.err
configure:5728: $? = 0
configure:5731: test -s conftest.o
configure:5734: $? = 0
configure:5745: result: yes
configure:5772: checking locale.h usability
configure:5784: x86_64-linux-gnu-gcc -c -Wall -g -O2  conftest.c >&5
conftest.c:10:0: warning: "PACKAGE" redefined
 #define PACKAGE Brightside
 ^
conftest.c:8:0: note: this is the location of the previous definition
 #define PACKAGE "Brightside"
 ^
conftest.c:11:0: warning: "VERSION" redefined
 #define VERSION 1.4.0
 ^
conftest.c:9:0: note: this is the location of the previous definition
 #define VERSION "1.4.0"
 ^
configure:5790: $? = 0
configure:5794: test -z 
			 || test ! -s conftest.err
configure:5797: $? = 0
configure:5800: test -s conftest.o
configure:5803: $? = 0
configure:5813: result: yes
configure:5817: checking locale.h presence
configure:5827: x86_64-linux-gnu-gcc -E  conftest.c
conftest.c:10:0: warning: "PACKAGE" redefined
 #define PACKAGE Brightside
 ^
conftest.c:8:0: note: this is the location of the previous definition
 #define PACKAGE "Brightside"
 ^
conftest.c:11:0: warning: "VERSION" redefined
 #define VERSION 1.4.0
 ^
conftest.c:9:0: note: this is the location of the previous definition
 #define VERSION "1.4.0"
 ^
configure:5833: $? = 0
configure:5853: result: yes
configure:5888: checking for locale.h
configure:5895: result: yes
configure:5909: checking for LC_MESSAGES
configure:5930: x86_64-linux-gnu-gcc -o conftest -Wall -g -O2   conftest.c  >&5
conftest.c:10:0: warning: "PACKAGE" redefined
 #define PACKAGE Brightside
 ^
conftest.c:8:0: note: this is the location of the previous definition
 #define PACKAGE "Brightside"
 ^
conftest.c:11:0: warning: "VERSION" redefined
 #define VERSION 1.4.0
 ^
conftest.c:9:0: note: this is the location of the previous definition
 #define VERSION "1.4.0"
 ^
configure:5936: $? = 0
configure:5940: test -z 
			 || test ! -s conftest.err
configure:5943: $? = 0
configure:5946: test -s conftest
configure:5949: $? = 0
configure:5961: result: yes
configure:5990: checking libintl.h usability
configure:6002: x86_64-linux-gnu-gcc -c -Wall -g -O2  conftest.c >&5
conftest.c:10:0: warning: "PACKAGE" redefined
 #define PACKAGE Brightside
 ^
conftest.c:8:0: note: this is the location of the previous definition
 #define PACKAGE "Brightside"
 ^
conftest.c:11:0: warning: "VERSION" redefined
 #define VERSION 1.4.0
 ^
conftest.c:9:0: note: this is the location of the previous definition
 #define VERSION "1.4.0"
 ^
configure:6008: $? = 0
configure:6012: test -z 
			 || test ! -s conftest.err
configure:6015: $? = 0
configure:6018: test -s conftest.o
configure:6021: $? = 0
configure:6031: result: yes
configure:6035: checking libintl.h presence
configure:6045: x86_64-linux-gnu-gcc -E  conftest.c
conftest.c:10:0: warning: "PACKAGE" redefined
 #define PACKAGE Brightside
 ^
conftest.c:8:0: note: this is the location of the previous definition
 #define PACKAGE "Brightside"
 ^
conftest.c:11:0: warning: "VERSION" redefined
 #define VERSION 1.4.0
 ^
conftest.c:9:0: note: this is the location of the previous definition
 #define VERSION "1.4.0"
 ^
configure:6051: $? = 0
configure:6071: result: yes
configure:6106: checking for libintl.h
configure:6113: result: yes
configure:6124: checking for ngettext in libc
configure:6147: x86_64-linux-gnu-gcc -o conftest -Wall -g -O2   conftest.c  >&5
conftest.c:10:0: warning: "PACKAGE" redefined
 #define PACKAGE Brightside
 ^
conftest.c:8:0: note: this is the location of the previous definition
 #define PACKAGE "Brightside"
 ^
conftest.c:11:0: warning: "VERSION" redefined
 #define VERSION 1.4.0
 ^
conftest.c:9:0: note: this is the location of the previous definition
 #define VERSION "1.4.0"
 ^
conftest.c: In function 'main':
conftest.c:35:8: warning: cast from pointer to integer of different size [-Wpointer-to-int-cast]
 return (int) ngettext ("","", 1)
        ^
configure:6153: $? = 0
configure:6157: test -z 
			 || test ! -s conftest.err
configure:6160: $? = 0
configure:6163: test -s conftest
configure:6166: $? = 0
configure:6179: result: yes
configure:6183: checking for dgettext in libc
configure:6206: x86_64-linux-gnu-gcc -o conftest -Wall -g -O2   conftest.c  >&5
conftest.c:10:0: warning: "PACKAGE" redefined
 #define PACKAGE Brightside
 ^
conftest.c:8:0: note: this is the location of the previous definition
 #define PACKAGE "Brightside"
 ^
conftest.c:11:0: warning: "VERSION" redefined
 #define VERSION 1.4.0
 ^
conftest.c:9:0: note: this is the location of the previous definition
 #define VERSION "1.4.0"
 ^
conftest.c: In function 'main':
conftest.c:35:8: warning: cast from pointer to integer of different size [-Wpointer-to-int-cast]
 return (int) dgettext ("","")
        ^
configure:6212: $? = 0
configure:6216: test -z 
			 || test ! -s conftest.err
configure:6219: $? = 0
configure:6222: test -s conftest
configure:6225: $? = 0
configure:6238: result: yes
configure:6247: checking for bind_textdomain_codeset
configure:6304: x86_64-linux-gnu-gcc -o conftest -Wall -g -O2   conftest.c  >&5
conftest.c:10:0: warning: "PACKAGE" redefined
 #define PACKAGE Brightside
 ^
conftest.c:8:0: note: this is the location of the previous definition
 #define PACKAGE "Brightside"
 ^
conftest.c:11:0: warning: "VERSION" redefined
 #define VERSION 1.4.0
 ^
conftest.c:9:0: note: this is the location of the previous definition
 #define VERSION "1.4.0"
 ^
configure:6310: $? = 0
configure:6314: test -z 
			 || test ! -s conftest.err
configure:6317: $? = 0
configure:6320: test -s conftest
configure:6323: $? = 0
configure:6335: result: yes
configure:6845: checking for msgfmt
configure:6872: result: /usr/bin/msgfmt
configure:6885: checking for dcgettext
configure:6942: x86_64-linux-gnu-gcc -o conftest -Wall -g -O2   conftest.c   >&5
conftest.c:10:0: warning: "PACKAGE" redefined
 #define PACKAGE Brightside
 ^
conftest.c:8:0: note: this is the location of the previous definition
 #define PACKAGE "Brightside"
 ^
conftest.c:11:0: warning: "VERSION" redefined
 #define VERSION 1.4.0
 ^
conftest.c:9:0: note: this is the location of the previous definition
 #define VERSION "1.4.0"
 ^
conftest.c:55:6: warning: conflicting types for built-in function 'dcgettext'
 char dcgettext ();
      ^
configure:6948: $? = 0
configure:6952: test -z 
			 || test ! -s conftest.err
configure:6955: $? = 0
configure:6958: test -s conftest
configure:6961: $? = 0
configure:6973: result: yes
configure:6985: checking for gmsgfmt
configure:7016: result: /usr/bin/msgfmt
configure:7025: checking for xgettext
configure:7052: result: /usr/bin/xgettext
configure:7076: x86_64-linux-gnu-gcc -o conftest -Wall -g -O2   conftest.c   >&5
conftest.c:10:0: warning: "PACKAGE" redefined
 #define PACKAGE Brightside
 ^
conftest.c:8:0: note: this is the location of the previous definition
 #define PACKAGE "Brightside"
 ^
conftest.c:11:0: warning: "VERSION" redefined
 #define VERSION 1.4.0
 ^
conftest.c:9:0: note: this is the location of the previous definition
 #define VERSION "1.4.0"
 ^
configure:7082: $? = 0
configure:7086: test -z 
			 || test ! -s conftest.err
configure:7089: $? = 0
configure:7092: test -s conftest
configure:7095: $? = 0
configure:7268: checking for catalogs to be installed
configure:7293: result:  am ar az be bg bn ca cs cy da de el es et eu fa fi fr ga he hi hu id is it ja ko li lt lv mk ml mn ms nl no pl pt pt_BR ro ru sl sk sq sr sr@Latn sv tr uk vi zh_CN zh_TW
configure:7485: creating ./config.status

## ---------------------- ##
## Running config.status. ##
## ---------------------- ##

This file was extended by Brightside config.status 1.4.0, which was
generated by GNU Autoconf 2.59.  Invocation command line was

  CONFIG_FILES    = 
  CONFIG_HEADERS  = 
  CONFIG_LINKS    = 
  CONFIG_COMMANDS = 
  $ ./config.status 

on lab

config.status:771: creating po/Makefile.in
config.status:771: creating Makefile
config.status:771: creating brightside.spec
config.status:771: creating src/Makefile
config.status:875: creating config.h
config.status:1185: executing default-1 commands
config.status:1185: executing depfiles commands
config.status:1185: executing default-2 commands
config.status:1185: executing default-3 commands

## ---------------- ##
## Cache variables. ##
## ---------------- ##

ac_cv_build=x86_64-pc-linux-gnu
ac_cv_build_alias=x86_64-linux-gnu
ac_cv_c_compiler_gnu=yes
ac_cv_env_CC_set=
ac_cv_env_CC_value=
ac_cv_env_CFLAGS_set=set
ac_cv_env_CFLAGS_value='-Wall -g -O2'
ac_cv_env_CPPFLAGS_set=
ac_cv_env_CPPFLAGS_value=
ac_cv_env_CPP_set=
ac_cv_env_CPP_value=
ac_cv_env_LDFLAGS_set=
ac_cv_env_LDFLAGS_value=
ac_cv_env_build_alias_set=set
ac_cv_env_build_alias_value=x86_64-linux-gnu
ac_cv_env_host_alias_set=set
ac_cv_env_host_alias_value=x86_64-linux-gnu
ac_cv_env_target_alias_set=
ac_cv_env_target_alias_value=
ac_cv_exeext=
ac_cv_func_bind_textdomain_codeset=yes
ac_cv_func_dcgettext=yes
ac_cv_header_inttypes_h=yes
ac_cv_header_libintl_h=yes
ac_cv_header_locale_h=yes
ac_cv_header_memory_h=yes
ac_cv_header_stdc=yes
ac_cv_header_stdint_h=yes
ac_cv_header_stdlib_h=yes
ac_cv_header_string_h=yes
ac_cv_header_strings_h=yes
ac_cv_header_sys_stat_h=yes
ac_cv_header_sys_types_h=yes
ac_cv_header_unistd_h=yes
ac_cv_host=x86_64-pc-linux-gnu
ac_cv_host_alias=x86_64-linux-gnu
ac_cv_objext=o
ac_cv_path_GCONFTOOL=/usr/bin/gconftool-2
ac_cv_path_GMSGFMT=/usr/bin/msgfmt
ac_cv_path_INTLTOOL_PERL=/usr/bin/perl
ac_cv_path_MSGFMT=/usr/bin/msgfmt
ac_cv_path_MSGMERGE=/usr/bin/msgmerge
ac_cv_path_PKG_CONFIG=/usr/bin/pkg-config
ac_cv_path_XGETTEXT=/usr/bin/xgettext
ac_cv_path_install='/usr/bin/install -c'
ac_cv_prog_AWK=gawk
ac_cv_prog_CC=x86_64-linux-gnu-gcc
ac_cv_prog_CPP='x86_64-linux-gnu-gcc -E'
ac_cv_prog_cc_g=yes
ac_cv_prog_cc_stdc=
ac_cv_prog_egrep='grep -E'
ac_cv_prog_make_make_set=yes
acl_cv_path_LD=/usr/bin/ld
acl_cv_prog_gnu_ld=yes
acl_cv_rpath=done
am_cv_CC_dependencies_compiler_type=gcc3
am_cv_val_LC_MESSAGES=yes
gt_cv_func_dgettext_libc=yes
gt_cv_func_dgettext_libintl=no
gt_cv_func_gnugettext1_libc=yes
gt_cv_func_ngettext_libc=yes
gt_cv_have_gettext=yes

## ----------------- ##
## Output variables. ##
## ----------------- ##

ACLOCAL='${SHELL} /home/dustin/temp/bs/brightside-1.4.0/missing --run aclocal-1.7'
ALSA_CFLAGS='-I/usr/include/alsa'
ALSA_LIBS='-lasound'
AMDEPBACKSLASH='\'
AMDEP_FALSE='#'
AMDEP_TRUE=''
AMTAR='${SHELL} /home/dustin/temp/bs/brightside-1.4.0/missing --run tar'
AUTOCONF='${SHELL} /home/dustin/temp/bs/brightside-1.4.0/missing --run autoconf'
AUTOHEADER='${SHELL} /home/dustin/temp/bs/brightside-1.4.0/missing --run autoheader'
AUTOMAKE='${SHELL} /home/dustin/temp/bs/brightside-1.4.0/missing --run automake-1.7'
AWK='gawk'
CATALOGS=' am.gmo ar.gmo az.gmo be.gmo bg.gmo bn.gmo ca.gmo cs.gmo cy.gmo da.gmo de.gmo el.gmo es.gmo et.gmo eu.gmo fa.gmo fi.gmo fr.gmo ga.gmo he.gmo hi.gmo hu.gmo id.gmo is.gmo it.gmo ja.gmo ko.gmo li.gmo lt.gmo lv.gmo mk.gmo ml.gmo mn.gmo ms.gmo nl.gmo no.gmo pl.gmo pt.gmo pt_BR.gmo ro.gmo ru.gmo sl.gmo sk.gmo sq.gmo sr.gmo sr@Latn.gmo sv.gmo tr.gmo uk.gmo vi.gmo zh_CN.gmo zh_TW.gmo'
CATOBJEXT='.gmo'
CC='x86_64-linux-gnu-gcc'
CCDEPMODE='depmode=gcc3'
CFLAGS='-Wall -g -O2'
CPP='x86_64-linux-gnu-gcc -E'
CPPFLAGS=''
CYGPATH_W='echo'
DATADIRNAME='share'
DEFS='-DHAVE_CONFIG_H'
DEPDIR='.deps'
ECHO_C=''
ECHO_N='-n'
ECHO_T=''
EGREP='grep -E'
ENABLE_TRAY_ICON_FALSE=''
ENABLE_TRAY_ICON_TRUE='#'
EXEEXT=''
EXTRA_GNOME_CFLAGS='-D_REENTRANT -DORBIT2=1 -pthread -I/usr/include/libgnomeui-2.0 -I/usr/include/gnome-keyring-1 -I/usr/include/libbonoboui-2.0 -I/usr/include/libgnome-2.0 -I/usr/include/libbonobo-2.0 -I/usr/include/bonobo-activation-2.0 -I/usr/include/orbit-2.0 -I/usr/include/libgnomecanvas-2.0 -I/usr/include/gail-1.0 -I/usr/include/libart-2.0 -I/usr/include/gnome-vfs-2.0 -I/usr/lib/x86_64-linux-gnu/gnome-vfs-2.0/include -I/usr/include/gconf/2 -I/usr/include/dbus-1.0 -I/usr/lib/x86_64-linux-gnu/dbus-1.0/include -I/usr/include/libglade-2.0 -I/usr/include/libxml2 -I/usr/include/x86_64-linux-gnu/libwnck-1.0 -I/usr/include/startup-notification-1.0 -I/usr/include/gtk-2.0 -I/usr/lib/x86_64-linux-gnu/gtk-2.0/include -I/usr/include/gio-unix-2.0/ -I/usr/include/cairo -I/usr/include/pango-1.0 -I/usr/include/atk-1.0 -I/usr/include/cairo -I/usr/include/pixman-1 -I/usr/include/libpng12 -I/usr/include/gdk-pixbuf-2.0 -I/usr/include/libpng12 -I/usr/include/pango-1.0 -I/usr/include/harfbuzz -I/usr/include/pango-1.0 -I/usr/include/glib-2.0 -I/usr/lib/x86_64-linux-gnu/glib-2.0/include -I/usr/include/freetype2'
EXTRA_GNOME_LIBS='-lgnomeui-2 -lSM -lICE -lbonoboui-2 -lgnome-2 -lpopt -lbonobo-2 -lbonobo-activation -lORBit-2 -lgnomecanvas-2 -lart_lgpl_2 -lgnomevfs-2 -lgconf-2 -lgthread-2.0 -pthread -lgmodule-2.0 -pthread -lglade-2.0 -lxml2 -lwnck-1 -lgtk-x11-2.0 -lgdk-x11-2.0 -lpangocairo-1.0 -latk-1.0 -lcairo -lgdk_pixbuf-2.0 -lgio-2.0 -lpangoft2-1.0 -lpango-1.0 -lgobject-2.0 -lglib-2.0 -lfontconfig -lfreetype'
GCONFTOOL='/usr/bin/gconftool-2'
GCONF_SCHEMAS_INSTALL_FALSE='#'
GCONF_SCHEMAS_INSTALL_TRUE=''
GCONF_SCHEMA_CONFIG_SOURCE='xml:merged:/etc/gconf/gconf.xml.defaults'
GCONF_SCHEMA_FILE_DIR='$(sysconfdir)/gconf/schemas'
GETTEXT_PACKAGE='Brightside'
GMOFILES=' am.gmo ar.gmo az.gmo be.gmo bg.gmo bn.gmo ca.gmo cs.gmo cy.gmo da.gmo de.gmo el.gmo es.gmo et.gmo eu.gmo fa.gmo fi.gmo fr.gmo ga.gmo he.gmo hi.gmo hu.gmo id.gmo is.gmo it.gmo ja.gmo ko.gmo li.gmo lt.gmo lv.gmo mk.gmo ml.gmo mn.gmo ms.gmo nl.gmo no.gmo pl.gmo pt.gmo pt_BR.gmo ro.gmo ru.gmo sl.gmo sk.gmo sq.gmo sr.gmo sr@Latn.gmo sv.gmo tr.gmo uk.gmo vi.gmo zh_CN.gmo zh_TW.gmo'
GMSGFMT='/usr/bin/msgfmt'
HAVE_ALSA_FALSE='#'
HAVE_ALSA_TRUE=''
HAVE_FB_FALSE='#'
HAVE_FB_TRUE=''
HAVE_OSS_FALSE='#'
HAVE_OSS_TRUE=''
INSTALL_DATA='${INSTALL} -m 644'
INSTALL_PROGRAM='${INSTALL}'
INSTALL_SCRIPT='${INSTALL}'
INSTALL_STRIP_PROGRAM='${SHELL} $(install_sh) -c -s'
INSTOBJEXT='.mo'
INTLLIBS=''
INTLTOOL_CAVES_RULE='%.caves:     %.caves.in     $(INTLTOOL_MERGE) $(wildcard $(top_srcdir)/po/*.po) ; LC_ALL=C $(INTLTOOL_MERGE) -d -u -c $(top_builddir)/po/.intltool-merge-cache $(top_srcdir)/po $< $@'
INTLTOOL_DESKTOP_RULE='%.desktop:   %.desktop.in   $(INTLTOOL_MERGE) $(wildcard $(top_srcdir)/po/*.po) ; LC_ALL=C $(INTLTOOL_MERGE) -d -u -c $(top_builddir)/po/.intltool-merge-cache $(top_srcdir)/po $< $@'
INTLTOOL_DIRECTORY_RULE='%.directory: %.directory.in $(INTLTOOL_MERGE) $(wildcard $(top_srcdir)/po/*.po) ; LC_ALL=C $(INTLTOOL_MERGE) -d -u -c $(top_builddir)/po/.intltool-merge-cache $(top_srcdir)/po $< $@'
INTLTOOL_EXTRACT='$(top_builddir)/intltool-extract'
INTLTOOL_KBD_RULE='%.kbd:       %.kbd.in       $(INTLTOOL_MERGE) $(wildcard $(top_srcdir)/po/*.po) ; LC_ALL=C $(INTLTOOL_MERGE) -x -u -m -c $(top_builddir)/po/.intltool-merge-cache $(top_srcdir)/po $< $@'
INTLTOOL_KEYS_RULE='%.keys:      %.keys.in      $(INTLTOOL_MERGE) $(wildcard $(top_srcdir)/po/*.po) ; LC_ALL=C $(INTLTOOL_MERGE) -k -u -c $(top_builddir)/po/.intltool-merge-cache $(top_srcdir)/po $< $@'
INTLTOOL_MERGE='$(top_builddir)/intltool-merge'
INTLTOOL_OAF_RULE='%.oaf:       %.oaf.in       $(INTLTOOL_MERGE) $(wildcard $(top_srcdir)/po/*.po) ; LC_ALL=C $(INTLTOOL_MERGE) -o -p $(top_srcdir)/po $< $@'
INTLTOOL_PERL='/usr/bin/perl'
INTLTOOL_PONG_RULE='%.pong:      %.pong.in      $(INTLTOOL_MERGE) $(wildcard $(top_srcdir)/po/*.po) ; LC_ALL=C $(INTLTOOL_MERGE) -x -u -c $(top_builddir)/po/.intltool-merge-cache $(top_srcdir)/po $< $@'
INTLTOOL_PROP_RULE='%.prop:      %.prop.in      $(INTLTOOL_MERGE) $(wildcard $(top_srcdir)/po/*.po) ; LC_ALL=C $(INTLTOOL_MERGE) -d -u -c $(top_builddir)/po/.intltool-merge-cache $(top_srcdir)/po $< $@'
INTLTOOL_SCHEMAS_RULE='%.schemas:   %.schemas.in   $(INTLTOOL_MERGE) $(wildcard $(top_srcdir)/po/*.po) ; LC_ALL=C $(INTLTOOL_MERGE) -s -u -c $(top_builddir)/po/.intltool-merge-cache $(top_srcdir)/po $< $@'
INTLTOOL_SERVER_RULE='%.server:    %.server.in    $(INTLTOOL_MERGE) $(wildcard $(top_srcdir)/po/*.po) ; LC_ALL=C $(INTLTOOL_MERGE) -o -u -c $(top_builddir)/po/.intltool-merge-cache $(top_srcdir)/po $< $@'
INTLTOOL_SHEET_RULE='%.sheet:     %.sheet.in     $(INTLTOOL_MERGE) $(wildcard $(top_srcdir)/po/*.po) ; LC_ALL=C $(INTLTOOL_MERGE) -x -u -c $(top_builddir)/po/.intltool-merge-cache $(top_srcdir)/po $< $@'
INTLTOOL_SOUNDLIST_RULE='%.soundlist: %.soundlist.in $(INTLTOOL_MERGE) $(wildcard $(top_srcdir)/po/*.po) ; LC_ALL=C $(INTLTOOL_MERGE) -d -u -c $(top_builddir)/po/.intltool-merge-cache $(top_srcdir)/po $< $@'
INTLTOOL_THEME_RULE='%.theme:     %.theme.in     $(INTLTOOL_MERGE) $(wildcard $(top_srcdir)/po/*.po) ; LC_ALL=C $(INTLTOOL_MERGE) -d -u -c $(top_builddir)/po/.intltool-merge-cache $(top_srcdir)/po $< $@'
INTLTOOL_UI_RULE='%.ui:        %.ui.in        $(INTLTOOL_MERGE) $(wildcard $(top_srcdir)/po/*.po) ; LC_ALL=C $(INTLTOOL_MERGE) -x -u -c $(top_builddir)/po/.intltool-merge-cache $(top_srcdir)/po $< $@'
INTLTOOL_UPDATE='$(top_builddir)/intltool-update'
INTLTOOL_XAM_RULE='%.xam:       %.xml.in       $(INTLTOOL_MERGE) $(wildcard $(top_srcdir)/po/*.po) ; LC_ALL=C $(INTLTOOL_MERGE) -x -u -c $(top_builddir)/po/.intltool-merge-cache $(top_srcdir)/po $< $@'
INTLTOOL_XML_RULE='%.xml:       %.xml.in       $(INTLTOOL_MERGE) $(wildcard $(top_srcdir)/po/*.po) ; LC_ALL=C $(INTLTOOL_MERGE) -x -u -c $(top_builddir)/po/.intltool-merge-cache $(top_srcdir)/po $< $@'
LDFLAGS=''
LIBICONV='-liconv'
LIBINTL=''
LIBOBJS=''
LIBS=''
LTLIBICONV='-liconv'
LTLIBINTL=''
LTLIBOBJS=''
MAINT='#'
MAINTAINER_MODE_FALSE=''
MAINTAINER_MODE_TRUE='#'
MAKEINFO='${SHELL} /home/dustin/temp/bs/brightside-1.4.0/missing --run makeinfo'
MKINSTALLDIRS='./mkinstalldirs'
MSGFMT='/usr/bin/msgfmt'
MSGMERGE='/usr/bin/msgmerge'
OBJEXT='o'
PACKAGE='Brightside'
PACKAGE_BUGREPORT='http://catmur.co.uk/brightside/'
PACKAGE_NAME='Brightside'
PACKAGE_STRING='Brightside 1.4.0'
PACKAGE_TARNAME='brightside'
PACKAGE_VERSION='1.4.0'
PATH_SEPARATOR=':'
PKG_CONFIG='/usr/bin/pkg-config'
POFILES=' am.po ar.po az.po be.po bg.po bn.po ca.po cs.po cy.po da.po de.po el.po es.po et.po eu.po fa.po fi.po fr.po ga.po he.po hi.po hu.po id.po is.po it.po ja.po ko.po li.po lt.po lv.po mk.po ml.po mn.po ms.po nl.po no.po pl.po pt.po pt_BR.po ro.po ru.po sl.po sk.po sq.po sr.po sr@Latn.po sv.po tr.po uk.po vi.po zh_CN.po zh_TW.po'
POSUB='po'
PO_IN_DATADIR_FALSE=''
PO_IN_DATADIR_TRUE=''
SET_MAKE=''
SHELL='/bin/bash'
STRIP=''
USE_NLS='yes'
VERSION='1.4.0'
XGETTEXT='/usr/bin/xgettext'
ac_ct_CC=''
ac_ct_STRIP=''
am__fastdepCC_FALSE='#'
am__fastdepCC_TRUE=''
am__include='include'
am__leading_dot='.'
am__quote=''
bindir='${exec_prefix}/bin'
build='x86_64-pc-linux-gnu'
build_alias='x86_64-linux-gnu'
build_cpu='x86_64'
build_os='linux-gnu'
build_vendor='pc'
datadir='${prefix}/share'
exec_prefix='${prefix}'
host='x86_64-pc-linux-gnu'
host_alias='x86_64-linux-gnu'
host_cpu='x86_64'
host_os='linux-gnu'
host_vendor='pc'
includedir='${prefix}/include'
infodir='${prefix}/share/info'
install_sh='/home/dustin/temp/bs/brightside-1.4.0/install-sh'
libdir='${exec_prefix}/lib'
libexecdir='${exec_prefix}/libexec'
localstatedir='${prefix}/var'
mandir='${prefix}/share/man'
oldincludedir='/usr/include'
prefix='/usr'
program_transform_name='s,x,x,'
sbindir='${exec_prefix}/sbin'
sharedstatedir='${prefix}/com'
sysconfdir='/etc'
target_alias=''

## ----------- ##
## confdefs.h. ##
## ----------- ##

#define ENABLE_NLS 1
#define ENABLE_NLS 1
#define GETTEXT_PACKAGE "Brightside"
#define HAVE_BIND_TEXTDOMAIN_CODESET 1
#define HAVE_DCGETTEXT 1
#define HAVE_DCGETTEXT 1
#define HAVE_GETTEXT 1
#define HAVE_GETTEXT 1
#define HAVE_INTTYPES_H 1
#define HAVE_LC_MESSAGES 1
#define HAVE_LOCALE_H 1
#define HAVE_MEMORY_H 1
#define HAVE_STDINT_H 1
#define HAVE_STDLIB_H 1
#define HAVE_STRINGS_H 1
#define HAVE_STRING_H 1
#define HAVE_SYS_STAT_H 1
#define HAVE_SYS_TYPES_H 1
#define HAVE_UNISTD_H 1
#define PACKAGE "Brightside"
#define PACKAGE Brightside
#define PACKAGE_BUGREPORT "http://catmur.co.uk/brightside/"
#define PACKAGE_NAME "Brightside"
#define PACKAGE_STRING "Brightside 1.4.0"
#define PACKAGE_TARNAME "brightside"
#define PACKAGE_VERSION "1.4.0"
#define STDC_HEADERS 1
#define VERSION "1.4.0"
#define VERSION 1.4.0

configure: exit 0
